<?xml version="1.0" encoding="UTF-8"?>
<!-- Generated by org.testng.reporters.JUnitXMLReporter -->
<testsuite ignored="0" hostname="AhadPC" failures="0" tests="4" name="Functonal Testing" time="0.047" errors="0" timestamp="2024-08-23T11:30:33 EDT">
  <testcase classname="tek.tdd.tests.SecurityTest" name="@BeforeSuite validateSignIn" time="0.012">
    <failure type="java.lang.NullPointerException" message="Cannot read field &amp;quot;signInLink&amp;quot; because &amp;quot;this.homePage&amp;quot; is null">
      <![CDATA[java.lang.NullPointerException: Cannot read field "signInLink" because "this.homePage" is null
at tek.tdd.tests.SecurityTest.validateSignIn(SecurityTest.java:19)
... Removed 17 stack frames]]>
    </failure>
  </testcase> <!-- @BeforeSuite validateSignIn -->
  <testcase classname="tek.tdd.base.UIBaseClass" name="@BeforeMethod setupTests" time="0.0">
    <skipped/>
  </testcase> <!-- @BeforeMethod setupTests -->
  <testcase classname="tek.tdd.base.UIBaseClass" name="@AfterMethod testCleanUp" time="0.0">
    <skipped/>
  </testcase> <!-- @AfterMethod testCleanUp -->
  <testcase classname="tek.tdd.base.UIBaseClass" name="@BeforeMethod setupTests" time="0.0">
    <skipped/>
  </testcase> <!-- @BeforeMethod setupTests -->
  <testcase classname="tek.tdd.base.UIBaseClass" name="@AfterMethod testCleanUp" time="0.0">
    <skipped/>
  </testcase> <!-- @AfterMethod testCleanUp -->
  <testcase classname="tek.tdd.base.UIBaseClass" name="@BeforeMethod setupTests" time="0.0">
    <skipped/>
  </testcase> <!-- @BeforeMethod setupTests -->
  <testcase classname="tek.tdd.base.UIBaseClass" name="@AfterMethod testCleanUp" time="0.0">
    <skipped/>
  </testcase> <!-- @AfterMethod testCleanUp -->
  <testcase classname="tek.tdd.base.UIBaseClass" name="@BeforeMethod setupTests" time="0.0">
    <skipped/>
  </testcase> <!-- @BeforeMethod setupTests -->
  <testcase classname="tek.tdd.base.UIBaseClass" name="@AfterMethod testCleanUp" time="0.0">
    <skipped/>
  </testcase> <!-- @AfterMethod testCleanUp -->
  <testcase classname="tek.tdd.tests.BasicSetupTest" name="testingLoggingBtnAndLogo" time="0.0">
    <skipped/>
  </testcase> <!-- testingLoggingBtnAndLogo -->
  <testcase classname="tek.tdd.tests.BasicSetupTest" name="validateTopLeftCornerLogo" time="0.001">
    <skipped/>
  </testcase> <!-- validateTopLeftCornerLogo -->
  <testcase classname="tek.tdd.tests.AccountTest" name="validateAccount" time="0.0">
    <skipped/>
  </testcase> <!-- validateAccount -->
  <testcase classname="tek.tdd.tests.SecurityTest" name="validateAccount" time="0.0">
    <skipped/>
  </testcase> <!-- validateAccount -->
</testsuite> <!-- Functonal Testing -->
